2024-12-22 12:33:09,693 - ERROR - Login failed for alok.raturi09@gmail.com: HTTPConnectionPool(host='localhost', port=7071): Max retries exceeded with url: /api/police/login (Caused by NewConnectionError('<urllib3.connection.HTTPConnection object at 0x7f8eab47acb0>: Failed to establish a new connection: [Errno 111] Connection refused'))
2024-12-22 12:34:56,744 - ERROR - Login failed for alok.raturi09@gmail.com: 500 Server Error: Internal Server Error for url: https://raturifunctionapp.azurewebsites.net/api/police/login
2024-12-22 12:36:33,013 - ERROR - Login failed for Alok.Raturi@watchguard.com: 500 Server Error: Internal Server Error for url: https://raturifunctionapp.azurewebsites.net/api/police/login
2024-12-22 12:41:26,370 - ERROR - Login failed for alok.raturi09@gmail.com: 500 Server Error: Internal Server Error for url: https://raturifunctionapp.azurewebsites.net/api/police/login
2024-12-22 12:44:41,143 - ERROR - Login failed for alok.raturi09@gmail.com: 500 Server Error: Internal Server Error for url: https://raturifunctionapp.azurewebsites.net/api/police/login
2024-12-22 12:49:53,432 - ERROR - Login failed for alok.raturi09@gmail.com: 500 Server Error: Internal Server Error for url: https://raturifunctionapp.azurewebsites.net/api/police/login
2024-12-22 12:56:00,768 - ERROR - Login failed for alok.raturi09@gmail.com: 500 Server Error: Internal Server Error for url: https://raturifunctionapp.azurewebsites.net/api/police/login
2024-12-22 12:56:50,135 - ERROR - Login failed for alok.raturi09@gmail.com: 500 Server Error: Internal Server Error for url: https://raturifunctionapp.azurewebsites.net/api/police/login
2024-12-22 14:48:31,462 - INFO - User alok.raturi09@gmail.com logged in successfully.
2024-12-22 14:49:15,607 - ERROR - Login failed for alok.raturi@gmail.com: 404 Client Error: Not Found for url: https://raturifunctionapp.azurewebsites.net/api/police/login
2024-12-22 14:50:05,388 - ERROR - Login failed for alok.raturi09@gmail.com: 404 Client Error: Not Found for url: https://raturifunctionapp.azurewebsites.net/api/police/login
2024-12-22 14:51:38,095 - ERROR - Login failed for alok.raturi@gmail.com: 404 Client Error: Not Found for url: https://raturifunctionapp.azurewebsites.net/api/police/login
2024-12-22 14:51:53,830 - ERROR - Login failed for alok.raturi09@gmail.com: 404 Client Error: Not Found for url: https://raturifunctionapp.azurewebsites.net/api/police/login
2024-12-22 14:52:17,395 - ERROR - Login failed for alok.raturi09@gmail.com: 404 Client Error: Not Found for url: https://raturifunctionapp.azurewebsites.net/api/police/login
2024-12-22 14:52:27,934 - INFO - User alok.raturi09@gmail.com logged in successfully.
2024-12-22 14:52:30,370 - INFO - User alok.raturi09@gmail.com logged out.
2024-12-22 14:53:24,410 - INFO - User alok.raturi09@gmail.com logged in successfully.
2024-12-22 14:55:44,177 - INFO - User alok.raturi09@gmail.com logged in successfully.
2024-12-22 14:56:24,800 - INFO - User alok.raturi09@gmail.com logged in successfully.
2024-12-22 14:56:48,521 - INFO - User alok.raturi09@gmail.com logged in successfully.
2024-12-22 14:57:30,086 - INFO - User alok.raturi09@gmail.com logged in successfully.
2024-12-22 14:59:01,075 - INFO - User alok.raturi09@gmail.com logged in successfully.
2024-12-22 14:59:52,285 - ERROR - Failed to create challan for vehicle UK07_6796: 500 Server Error: Internal Server Error for url: https://raturifunctionapp.azurewebsites.net/api/police/create-challan
2024-12-22 15:01:53,111 - INFO - User alok.raturi09@gmail.com logged in successfully.
2024-12-22 15:02:21,268 - ERROR - Failed to create challan for vehicle UK07_6796: 500 Server Error: Internal Server Error for url: https://raturifunctionapp.azurewebsites.net/api/police/create-challan
2024-12-22 15:05:47,505 - INFO - User alok.raturi09@gmail.com logged in successfully.
2024-12-22 15:06:08,275 - ERROR - Failed to create challan for vehicle UK07_6796: 404 Client Error: Not Found for url: https://raturifunctionapp.azurewebsites.net/api/police/create-challan
2024-12-22 15:07:08,003 - INFO - User alok.raturi09@gmail.com logged in successfully.
2024-12-22 15:07:29,050 - ERROR - Failed to create challan for vehicle UK07_6796: 404 Client Error: Not Found for url: https://raturifunctionapp.azurewebsites.net/api/police/create-challan
2024-12-22 15:09:41,380 - INFO - User alok.raturi09@gmail.com logged in successfully.
2024-12-22 15:10:35,186 - ERROR - Failed to create challan for vehicle UK07_6796: 404 Client Error: Not Found for url: https://raturifunctionapp.azurewebsites.net/api/police/create-challan
2024-12-22 15:16:29,880 - INFO - User alok.raturi09@gmail.com logged in successfully.
2024-12-22 15:16:49,538 - ERROR - Failed to create challan for vehicle UK07_6796: 404 Client Error: Not Found for url: https://raturifunctionapp.azurewebsites.net/api/police/create-challan
2024-12-22 15:18:34,458 - INFO - User alok.raturi09@gmail.com logged in successfully.
2024-12-22 15:18:54,302 - ERROR - Failed to create challan for vehicle UK07_6796: Amount is not valid.
2024-12-22 15:19:23,865 - INFO - User alok.raturi09@gmail.com logged in successfully.
2024-12-22 15:19:43,960 - ERROR - Failed to create challan for vehicle UK09_6796: Vehicle id is not valid.
2024-12-22 15:20:24,299 - INFO - Challan created successfully for vehicle UK07_6796 with amount 5000.0.
2024-12-22 15:21:59,842 - INFO - User alok.raturi09@gmail.com logged in successfully.
2024-12-22 15:22:13,296 - ERROR - Failed to create challan for vehicle UK07_6788: Internal server error
2024-12-22 15:22:50,267 - ERROR - Login failed for alok.raturi09@gmail.com: Invalid Email or Password
2024-12-22 15:24:17,225 - ERROR - Password do not match the required credentials for email : alok.ratu@gmail.com
2024-12-22 15:24:49,173 - ERROR - Password do not match the required credentials for email : alok.raturi09@gmail.com
2024-12-22 15:25:05,448 - INFO - User alok.raturi09@gmail.com logged in successfully.
2024-12-22 15:26:39,677 - INFO - User alok.raturi09@gmail.com logged in successfully.
2024-12-22 15:27:14,724 - INFO - User alok.raturi09@gmail.com logged in successfully.
2024-12-22 15:28:00,339 - INFO - User alok.raturi09@gmail.com logged in successfully.
2024-12-22 15:28:46,633 - INFO - User alok.raturi09@gmail.com logged in successfully.
2024-12-22 15:29:27,375 - INFO - User alok.raturi09@gmail.com logged in successfully.
2024-12-22 15:30:11,789 - INFO - Challan created successfully for vehicle UK07_6796 with amount 3000.0.
2024-12-22 15:30:40,146 - INFO - User alok.raturi09@gmail.com logged in successfully.
2024-12-22 15:31:29,165 - INFO - User alok.raturi09@gmail.com logged in successfully.
2024-12-22 15:32:05,137 - INFO - User alok.raturi09@gmail.com logged in successfully.
2024-12-22 15:32:36,664 - INFO - User alok.raturi09@gmail.com logged in successfully.
2024-12-22 15:33:06,440 - INFO - User alok.raturi09@gmail.com logged in successfully.
2024-12-22 15:33:39,820 - INFO - Challan created successfully for vehicle UK07_6796 with amount 4000.0.
2024-12-22 16:48:59,106 - ERROR - Password do not match the required credentials for email : alok.raturi09@gmail.com
2024-12-22 16:49:10,648 - INFO - User alok.raturi09@gmail.com logged in successfully.
2024-12-22 16:49:34,886 - INFO - Challan created successfully for vehicle UK07_6797 with amount 6789.0.
2024-12-23 11:35:21,189 - INFO - User alok.raturi09@gmail.com logged in successfully.
2024-12-23 11:35:53,190 - INFO - Challan created successfully for vehicle UK07_6796 with amount 4000.0.
2024-12-23 11:37:20,448 - ERROR - Failed to retrieve challan for vehicle uk07_6796: Invalid vehicle Id
2024-12-23 11:37:30,124 - INFO - User alok.raturi09@gmail.com logged out.
2024-12-23 13:49:00,500 - ERROR - Login failed, Invalid email alok.raturi09@gmail.om
2024-12-23 13:49:22,649 - INFO - User alok.raturi09@gmail.com logged in successfully.
2024-12-23 13:52:45,080 - INFO - User alok.raturi09@gmail.com logged out.
